2026-01-06 23:40:30,927 - db_helper - INFO - Fetch all expenses for date 2024-08-01
2026-01-06 23:41:18,996 - db_helper - INFO - Delete expenses for date 2024-12-05
2026-01-06 23:41:19,004 - db_helper - INFO - Insert expenses called with 2024-12-0587.0 Cars Bought a Merc
2026-01-07 06:41:22,590 - db_helper - INFO - Delete expenses for date 2024-08-10
2026-01-07 07:29:52,708 - db_helper - INFO - Fetch all expenses for date 2024-08-01
2026-01-07 07:30:00,517 - db_helper - INFO - Fetch all expenses for date 2024-08-01
2026-01-07 08:07:25,000 - db_helper - INFO - Fetch all expenses for date 2024-08-01
2026-01-07 08:09:04,310 - db_helper - INFO - Fetch all expenses for date 2024-08-01
2026-01-07 08:10:29,724 - db_helper - INFO - Fetch all expenses for date 2024-08-01
2026-01-07 08:10:48,215 - db_helper - INFO - Fetch all expenses for date 2024-08-01
2026-01-07 08:11:09,375 - db_helper - INFO - Fetch all expenses for date 2024-08-01
2026-01-07 08:11:25,482 - db_helper - INFO - Fetch all expenses for date 2024-08-01
2026-01-07 08:14:23,715 - db_helper - INFO - Fetch all expenses for date 2024-08-01
2026-01-07 08:14:50,506 - db_helper - INFO - Fetch all expenses for date 2024-08-01
2026-01-07 08:16:01,490 - db_helper - INFO - Fetch all expenses for date 2024-08-01
2026-01-07 08:18:54,703 - db_helper - INFO - Fetch all expenses for date 2024-08-01
2026-01-07 08:25:26,744 - db_helper - INFO - Fetch all expenses for date 2024-08-01
2026-01-07 08:26:31,331 - db_helper - INFO - Fetch all expenses for date 2024-08-01
2026-01-07 08:26:45,077 - db_helper - INFO - Fetch all expenses for date 2024-08-01
2026-01-07 08:29:22,107 - db_helper - INFO - Fetch all expenses for date 2024-08-01
2026-01-07 08:30:05,004 - db_helper - INFO - Fetch all expenses for date 2024-08-01
2026-01-07 08:31:16,144 - db_helper - INFO - Fetch all expenses for date 2024-08-01
2026-01-07 08:35:06,498 - db_helper - INFO - Fetch all expenses for date 2024-08-01
2026-01-07 08:36:10,609 - db_helper - INFO - Fetch all expenses for date 2024-08-01
2026-01-07 08:36:13,486 - db_helper - INFO - Fetch all expenses for date 2024-08-02
2026-01-07 08:36:15,970 - db_helper - INFO - Fetch all expenses for date 2024-08-02
2026-01-07 08:39:03,412 - db_helper - INFO - Fetch all expenses for date 2024-08-02
2026-01-07 08:39:11,327 - db_helper - INFO - Fetch all expenses for date 2024-08-01
2026-01-07 13:21:33,861 - db_helper - INFO - Fetch all expenses for date 2024-08-01
2026-01-07 13:22:49,732 - db_helper - INFO - Fetch all expenses for date 2024-08-01
2026-01-07 13:56:42,218 - db_helper - INFO - Fetch all expenses for date 2024-08-01
2026-01-07 13:57:24,181 - db_helper - INFO - Fetch all expenses for date 2024-08-01
2026-01-07 14:51:15,317 - db_helper - INFO - Fetch all expenses for date 2024-08-01
2026-01-07 14:51:38,088 - db_helper - INFO - Fetch all expenses for date 2024-08-01
2026-01-07 14:52:39,314 - db_helper - INFO - Fetch all expenses for date 2024-08-01
2026-01-07 14:54:20,095 - db_helper - INFO - Fetch all expenses for date 2024-08-01
2026-01-07 14:54:34,730 - db_helper - INFO - Fetch all expenses for date 2024-08-02
2026-01-07 14:54:39,810 - db_helper - INFO - Fetch all expenses for date 2024-08-02
2026-01-07 14:54:48,158 - db_helper - INFO - Fetch all expenses for date 2024-08-02
2026-01-07 14:55:08,350 - db_helper - INFO - Fetch all expenses for date 2024-08-01
2026-01-07 14:55:26,131 - db_helper - INFO - Fetch all expenses for date 2024-08-02
2026-01-07 14:56:06,513 - db_helper - INFO - Fetch all expenses for date 2024-08-02
2026-01-07 14:56:13,442 - db_helper - INFO - Fetch all expenses for date 2024-08-09
2026-01-07 14:58:57,844 - db_helper - INFO - Fetch all expenses for date 2024-08-09
2026-01-07 14:59:02,817 - db_helper - INFO - Fetch all expenses for date 2024-08-02
2026-01-07 14:59:28,258 - db_helper - INFO - Fetch all expenses for date 2024-08-02
2026-01-07 16:07:39,779 - db_helper - INFO - Fetch all expenses for date 2024-08-08
2026-01-07 16:07:46,802 - db_helper - INFO - Fetch all expenses for date 2024-08-07
2026-01-07 16:07:50,734 - db_helper - INFO - Fetch all expenses for date 2024-08-02
2026-01-07 16:21:12,925 - db_helper - INFO - Fetch all expenses for date 2024-08-02
2026-01-07 16:21:15,025 - db_helper - INFO - Delete expenses for date 2024-08-02
2026-01-07 16:21:15,086 - db_helper - INFO - Insert expenses called with 2024-08-0250.0 Entertainment Movie tickets
2026-01-07 16:21:15,115 - db_helper - INFO - Insert expenses called with 2024-08-02150.0 Shopping New shoes
2026-01-07 16:21:15,138 - db_helper - INFO - Insert expenses called with 2024-08-02400.0 Food Groceries for the week
2026-01-07 16:21:15,147 - db_helper - INFO - Insert expenses called with 2024-08-0280.0 Entertainment Concert tickets
2026-01-07 16:21:15,162 - db_helper - INFO - Insert expenses called with 2024-08-02100.0 Shopping Clothes
2026-01-07 16:21:22,279 - db_helper - INFO - Fetch all expenses for date 2024-08-07
2026-01-07 16:21:24,366 - db_helper - INFO - Delete expenses for date 2024-08-07
2026-01-07 16:22:40,662 - db_helper - INFO - Fetch all expenses for date 2024-08-07
2026-01-07 16:22:42,767 - db_helper - INFO - Delete expenses for date 2024-08-07
2026-01-07 16:22:42,784 - db_helper - INFO - Insert expenses called with 2024-08-077.0 Other For the sake of teste
2026-01-17 13:55:19,352 - db_helper - INFO - Fetch expense summary for 2024-08-01 to 2024-08-05
2026-01-17 14:02:00,315 - db_helper - INFO - Fetch expense summary for 2024-08-01 to 2024-08-05
2026-01-17 14:04:54,678 - db_helper - INFO - Fetch expense summary for 2024-08-01 to 2024-08-05
2026-01-17 14:08:57,329 - db_helper - INFO - Fetch expense summary for 2024-08-01 to 2024-08-05
2026-01-17 14:12:35,279 - db_helper - INFO - Fetch expense summary for 2024-08-01 to 2024-08-05
2026-01-17 14:19:14,761 - db_helper - INFO - Fetch expense summary for 2024-08-01 to 2024-08-05
2026-01-17 14:20:15,117 - db_helper - INFO - Fetch expense summary for 2024-08-01 to 2024-08-05
2026-01-17 14:23:45,032 - db_helper - INFO - Fetch expense summary for 2024-08-01 to 2024-08-05
2026-01-17 14:24:37,148 - db_helper - INFO - Fetch expense summary for 2024-08-01 to 2024-08-05
2026-01-17 14:24:39,353 - db_helper - INFO - Fetch expense summary for 2024-08-01 to 2024-08-05
2026-01-17 14:26:35,342 - db_helper - INFO - Fetch expense summary for 2024-08-01 to 2024-08-05
2026-01-17 14:27:08,170 - db_helper - INFO - Fetch expense summary for 2024-08-01 to 2024-08-05
2026-01-17 14:58:35,692 - db_helper - INFO - Fetch all expenses for date 2024-08-01
2026-01-17 14:58:37,832 - db_helper - INFO - Delete expenses for date 2024-08-01
2026-01-17 14:58:37,857 - db_helper - INFO - Insert expenses called with 2024-08-011227.0 Rent Monthly rent payment
2026-01-17 14:58:37,887 - db_helper - INFO - Insert expenses called with 2024-08-01300.0 Food Groceries for the week
2026-01-17 14:58:37,901 - db_helper - INFO - Insert expenses called with 2024-08-011200.0 Rent Monthly rent payment
2026-01-17 14:58:37,913 - db_helper - INFO - Insert expenses called with 2024-08-01300.0 Food Groceries for the week
2026-01-17 15:12:29,623 - db_helper - INFO - Fetch all expenses for date 2024-08-01
2026-01-17 15:12:31,710 - db_helper - INFO - Delete expenses for date 2024-08-01
2026-01-17 15:12:31,763 - db_helper - INFO - Insert expenses called with 2024-08-011227.0 Rent Monthly rent payment
2026-01-17 15:12:31,809 - db_helper - INFO - Insert expenses called with 2024-08-01300.0 Food Groceries for the week
2026-01-17 15:12:31,851 - db_helper - INFO - Insert expenses called with 2024-08-011200.0 Rent Monthly rent payment
2026-01-17 15:12:31,884 - db_helper - INFO - Insert expenses called with 2024-08-01300.0 Food Groceries for the week
2026-01-17 15:13:29,926 - db_helper - INFO - Fetch all expenses for date 2024-08-01
2026-01-17 15:13:31,997 - db_helper - INFO - Delete expenses for date 2024-08-01
2026-01-17 15:13:32,028 - db_helper - INFO - Insert expenses called with 2024-08-011227.0 Rent Monthly rent payment
2026-01-17 15:13:32,045 - db_helper - INFO - Insert expenses called with 2024-08-01300.0 Food Groceries for the week
2026-01-17 15:13:32,063 - db_helper - INFO - Insert expenses called with 2024-08-011200.0 Rent Monthly rent payment
2026-01-17 15:13:32,083 - db_helper - INFO - Insert expenses called with 2024-08-01300.0 Food Groceries for the week
2026-01-17 15:18:55,252 - db_helper - INFO - Fetch all expenses for date 2024-08-01
2026-01-17 15:18:57,316 - db_helper - INFO - Delete expenses for date 2024-08-01
2026-01-17 15:18:57,331 - db_helper - INFO - Insert expenses called with 2024-08-011227.0 Rent Monthly rent payment
2026-01-17 15:18:57,343 - db_helper - INFO - Insert expenses called with 2024-08-01300.0 Food Groceries for the week
2026-01-17 15:18:57,354 - db_helper - INFO - Insert expenses called with 2024-08-011200.0 Rent Monthly rent payment
2026-01-17 15:18:57,368 - db_helper - INFO - Insert expenses called with 2024-08-01300.0 Food Groceries for the week
2026-01-17 15:19:01,296 - db_helper - INFO - Fetch all expenses for date 2024-08-01
2026-01-17 15:19:03,369 - db_helper - INFO - Delete expenses for date 2024-08-01
2026-01-17 15:19:03,397 - db_helper - INFO - Insert expenses called with 2024-08-011227.0 Rent Monthly rent payment
2026-01-17 15:19:03,419 - db_helper - INFO - Insert expenses called with 2024-08-01300.0 Food Groceries for the week
2026-01-17 15:19:03,440 - db_helper - INFO - Insert expenses called with 2024-08-011200.0 Rent Monthly rent payment
2026-01-17 15:19:03,462 - db_helper - INFO - Insert expenses called with 2024-08-01300.0 Food Groceries for the week
2026-01-17 15:19:05,542 - db_helper - INFO - Fetch expense summary for 2024-08-01 to 2024-08-05
2026-01-17 15:21:40,492 - db_helper - INFO - Fetch all expenses for date 2024-08-01
2026-01-17 15:21:42,576 - db_helper - INFO - Delete expenses for date 2024-08-01
2026-01-17 15:21:42,606 - db_helper - INFO - Insert expenses called with 2024-08-011227.0 Rent Monthly rent payment
2026-01-17 15:21:42,624 - db_helper - INFO - Insert expenses called with 2024-08-01300.0 Food Groceries for the week
2026-01-17 15:21:42,638 - db_helper - INFO - Insert expenses called with 2024-08-011200.0 Rent Monthly rent payment
2026-01-17 15:21:42,652 - db_helper - INFO - Insert expenses called with 2024-08-01300.0 Food Groceries for the week
2026-01-17 15:21:46,486 - db_helper - INFO - Fetch all expenses for date 2024-08-01
2026-01-17 15:21:48,621 - db_helper - INFO - Delete expenses for date 2024-08-01
2026-01-17 15:21:48,673 - db_helper - INFO - Insert expenses called with 2024-08-011227.0 Rent Monthly rent payment
2026-01-17 15:21:48,700 - db_helper - INFO - Insert expenses called with 2024-08-01300.0 Food Groceries for the week
2026-01-17 15:21:48,730 - db_helper - INFO - Insert expenses called with 2024-08-011200.0 Rent Monthly rent payment
2026-01-17 15:21:48,766 - db_helper - INFO - Insert expenses called with 2024-08-01300.0 Food Groceries for the week
2026-01-17 15:21:50,845 - db_helper - INFO - Fetch expense summary for 2024-08-01 to 2024-08-05
2026-01-17 15:22:46,044 - db_helper - INFO - Fetch all expenses for date 2024-08-01
2026-01-17 15:22:48,142 - db_helper - INFO - Delete expenses for date 2024-08-01
2026-01-17 15:22:48,177 - db_helper - INFO - Insert expenses called with 2024-08-011227.0 Rent Monthly rent payment
2026-01-17 15:22:48,212 - db_helper - INFO - Insert expenses called with 2024-08-01300.0 Food Groceries for the week
2026-01-17 15:22:48,237 - db_helper - INFO - Insert expenses called with 2024-08-011200.0 Rent Monthly rent payment
2026-01-17 15:22:48,262 - db_helper - INFO - Insert expenses called with 2024-08-01300.0 Food Groceries for the week
2026-01-17 15:22:50,353 - db_helper - INFO - Fetch expense summary for 2024-08-01 to 2024-08-05
2026-01-17 15:32:31,482 - db_helper - INFO - Fetch all expenses for date 2024-08-01
2026-01-17 15:32:33,566 - db_helper - INFO - Delete expenses for date 2024-08-01
2026-01-17 15:32:33,580 - db_helper - INFO - Insert expenses called with 2024-08-011227.0 Rent Monthly rent payment
2026-01-17 15:32:33,593 - db_helper - INFO - Insert expenses called with 2024-08-01300.0 Food Groceries for the week
2026-01-17 15:32:33,603 - db_helper - INFO - Insert expenses called with 2024-08-011200.0 Rent Monthly rent payment
2026-01-17 15:32:33,614 - db_helper - INFO - Insert expenses called with 2024-08-01300.0 Food Groceries for the week
2026-01-17 15:32:37,358 - db_helper - INFO - Fetch all expenses for date 2024-08-01
2026-01-17 15:32:39,435 - db_helper - INFO - Delete expenses for date 2024-08-01
2026-01-17 15:32:39,451 - db_helper - INFO - Insert expenses called with 2024-08-011227.0 Rent Monthly rent payment
2026-01-17 15:32:39,465 - db_helper - INFO - Insert expenses called with 2024-08-01300.0 Food Groceries for the week
2026-01-17 15:32:39,477 - db_helper - INFO - Insert expenses called with 2024-08-011200.0 Rent Monthly rent payment
2026-01-17 15:32:39,488 - db_helper - INFO - Insert expenses called with 2024-08-01300.0 Food Groceries for the week
2026-01-17 15:32:41,557 - db_helper - INFO - Fetch expense summary for 2024-08-01 to 2024-08-05
2026-01-17 15:45:20,323 - db_helper - INFO - Fetch all expenses for date 2024-08-01
2026-01-17 15:45:22,066 - db_helper - INFO - Fetch all expenses for date 2024-08-01
2026-01-17 15:45:24,178 - db_helper - INFO - Delete expenses for date 2024-08-01
2026-01-17 15:45:24,224 - db_helper - INFO - Insert expenses called with 2024-08-011227.0 Rent Monthly rent payment
2026-01-17 15:45:24,261 - db_helper - INFO - Insert expenses called with 2024-08-01300.0 Food Groceries for the week
2026-01-17 15:45:24,290 - db_helper - INFO - Insert expenses called with 2024-08-011200.0 Rent Monthly rent payment
2026-01-17 15:45:24,322 - db_helper - INFO - Insert expenses called with 2024-08-01300.0 Food Groceries for the week
2026-01-17 15:45:26,436 - db_helper - INFO - Fetch expense summary for 2024-08-01 to 2024-08-05
2026-01-17 15:46:39,562 - db_helper - INFO - Fetch all expenses for date 2024-08-01
2026-01-17 15:46:41,693 - db_helper - INFO - Delete expenses for date 2024-08-01
2026-01-17 15:46:41,724 - db_helper - INFO - Insert expenses called with 2024-08-011227.0 Rent Monthly rent payment
2026-01-17 15:46:41,738 - db_helper - INFO - Insert expenses called with 2024-08-01300.0 Food Groceries for the week
2026-01-17 15:46:41,754 - db_helper - INFO - Insert expenses called with 2024-08-011200.0 Rent Monthly rent payment
2026-01-17 15:46:41,777 - db_helper - INFO - Insert expenses called with 2024-08-01300.0 Food Groceries for the week
2026-01-17 15:46:41,792 - db_helper - INFO - Insert expenses called with 2024-08-0160.0 Shopping 
2026-01-17 15:46:59,793 - db_helper - INFO - Fetch all expenses for date 2024-08-01
2026-01-17 15:47:01,903 - db_helper - INFO - Delete expenses for date 2024-08-01
2026-01-17 15:47:01,934 - db_helper - INFO - Insert expenses called with 2024-08-011227.0 Rent Monthly rent payment
2026-01-17 15:47:01,949 - db_helper - INFO - Insert expenses called with 2024-08-01300.0 Food Groceries for the week
2026-01-17 15:47:01,961 - db_helper - INFO - Insert expenses called with 2024-08-011200.0 Rent Monthly rent payment
2026-01-17 15:47:01,978 - db_helper - INFO - Insert expenses called with 2024-08-01300.0 Food Groceries for the week
2026-01-17 15:47:01,990 - db_helper - INFO - Insert expenses called with 2024-08-0160.0 Shopping Tooth paste
2026-01-17 15:47:09,128 - db_helper - INFO - Fetch all expenses for date 2024-08-01
2026-01-17 15:47:11,217 - db_helper - INFO - Delete expenses for date 2024-08-01
2026-01-17 15:47:11,245 - db_helper - INFO - Insert expenses called with 2024-08-011227.0 Rent Monthly rent payment
2026-01-17 15:47:11,263 - db_helper - INFO - Insert expenses called with 2024-08-01300.0 Food Groceries for the week
2026-01-17 15:47:11,288 - db_helper - INFO - Insert expenses called with 2024-08-011200.0 Rent Monthly rent payment
2026-01-17 15:47:11,310 - db_helper - INFO - Insert expenses called with 2024-08-01300.0 Food Groceries for the week
2026-01-17 15:47:11,331 - db_helper - INFO - Insert expenses called with 2024-08-0160.0 Shopping Tooth paste
2026-01-17 15:47:13,410 - db_helper - INFO - Fetch expense summary for 2024-08-01 to 2024-08-05
2026-01-17 16:04:35,295 - db_helper - INFO - Fetch all expenses for date 2024-08-01
2026-01-17 16:04:37,417 - db_helper - INFO - Delete expenses for date 2024-08-01
2026-01-17 16:04:37,561 - db_helper - INFO - Insert expenses called with 2024-08-011227.0 Rent Monthly rent payment
2026-01-17 16:04:37,590 - db_helper - INFO - Insert expenses called with 2024-08-01300.0 Food Groceries for the week
2026-01-17 16:04:37,610 - db_helper - INFO - Insert expenses called with 2024-08-011200.0 Rent Monthly rent payment
2026-01-17 16:04:37,626 - db_helper - INFO - Insert expenses called with 2024-08-01300.0 Food Groceries for the week
2026-01-17 16:04:37,643 - db_helper - INFO - Insert expenses called with 2024-08-0160.0 Shopping Tooth paste
2026-01-17 16:04:42,431 - db_helper - INFO - Fetch all expenses for date 2024-08-01
2026-01-17 16:04:44,555 - db_helper - INFO - Delete expenses for date 2024-08-01
2026-01-17 16:04:44,591 - db_helper - INFO - Insert expenses called with 2024-08-011227.0 Rent Monthly rent payment
2026-01-17 16:04:44,622 - db_helper - INFO - Insert expenses called with 2024-08-01300.0 Food Groceries for the week
2026-01-17 16:04:44,657 - db_helper - INFO - Insert expenses called with 2024-08-011200.0 Rent Monthly rent payment
2026-01-17 16:04:44,689 - db_helper - INFO - Insert expenses called with 2024-08-01300.0 Food Groceries for the week
2026-01-17 16:04:44,713 - db_helper - INFO - Insert expenses called with 2024-08-0160.0 Shopping Tooth paste
2026-01-17 16:04:46,820 - db_helper - INFO - Fetch expense summary for 2024-08-01 to 2024-08-05
